<?xml version="1.0" encoding="UTF-8" ?>
<testsuite tests="7" failures="1" name="TestSuite" time="18.757" errors="0" skipped="0">
  <properties>
    <property name="java.runtime.name" value="Java(TM) SE Runtime Environment"/>
    <property name="sun.boot.library.path" value="C:\Program Files\Java\jdk1.8.0_211\jre\bin"/>
    <property name="java.vm.version" value="25.211-b12"/>
    <property name="java.vm.vendor" value="Oracle Corporation"/>
    <property name="java.vendor.url" value="http://java.oracle.com/"/>
    <property name="path.separator" value=";"/>
    <property name="java.vm.name" value="Java HotSpot(TM) 64-Bit Server VM"/>
    <property name="file.encoding.pkg" value="sun.io"/>
    <property name="user.script" value=""/>
    <property name="user.country" value="CN"/>
    <property name="sun.java.launcher" value="SUN_STANDARD"/>
    <property name="sun.os.patch.level" value=""/>
    <property name="java.vm.specification.name" value="Java Virtual Machine Specification"/>
    <property name="user.dir" value="C:\Users\aaron\.ssh\workspace\muke\AutoTest\Chapter12_2"/>
    <property name="java.runtime.version" value="1.8.0_211-b12"/>
    <property name="java.awt.graphicsenv" value="sun.awt.Win32GraphicsEnvironment"/>
    <property name="basedir" value="C:\Users\aaron\.ssh\workspace\muke\AutoTest\Chapter12_2"/>
    <property name="java.endorsed.dirs" value="C:\Program Files\Java\jdk1.8.0_211\jre\lib\endorsed"/>
    <property name="os.arch" value="amd64"/>
    <property name="surefire.real.class.path" value="C:\Users\aaron\.ssh\workspace\muke\AutoTest\Chapter12_2\target\surefire\surefirebooter6488658541483205568.jar"/>
    <property name="java.io.tmpdir" value="C:\Users\aaron\AppData\Local\Temp\"/>
    <property name="line.separator" value="
"/>
    <property name="java.vm.specification.vendor" value="Oracle Corporation"/>
    <property name="user.variant" value=""/>
    <property name="os.name" value="Windows 10"/>
    <property name="idea.version2020.1" value="true"/>
    <property name="sun.jnu.encoding" value="GBK"/>
    <property name="java.library.path" value="C:\Program Files\Java\jdk1.8.0_211\jre\bin;C:\WINDOWS\Sun\Java\bin;C:\WINDOWS\system32;C:\WINDOWS;C:\Program Files (x86)\Intel\Intel(R) Management Engine Components\iCLS\;C:\Program Files\Intel\Intel(R) Management Engine Components\iCLS\;C:\Program Files\Java\jdk1.8.0_211\bin;E:\oracleclient;E:\oracle\product\11.2.0\dbhome_1\bin;E:\python\Scripts\;E:\python\;C:\Program Files (x86)\Common Files\Oracle\Java\javapath;C:\Windows\system32;C:\Windows;C:\Windows\System32\Wbem;C:\Windows\System32\WindowsPowerShell\v1.0\;C:\Program Files (x86)\NVIDIA Corporation\PhysX\Common;C:\WINDOWS\system32;C:\WINDOWS;C:\WINDOWS\System32\Wbem;C:\WINDOWS\System32\WindowsPowerShell\v1.0\;C:\WINDOWS\System32\OpenSSH\;C:\Program Files\Intel\WiFi\bin\;C:\Program Files\Common Files\Intel\WirelessCommon\;D:\课程代码\robocopy;C:\;rogram Files\MySQL\MySQL Server 5.5\bin;C:\Program Files\NVIDIA Corporation\NVIDIA NvDLISR;C:\Program Files (x86)\Intel\Intel(R) Management Engine Components\DAL;C:\Program Files\Intel\Intel(R) Management Engine Components\DAL;C:\Program Files (x86)\Intel\Intel(R) Management Engine Components\IPT;C:\Program Files\Intel\Intel(R) Management Engine Components\IPT;E:\webtours\c\bin;E:\webtours\perl\site\bin;E:\webtours\perl\bin;C:\strawberry\c\bin;C:\strawberry\perl\bin;E:\Git\cmd;C:\Users\aaron\AppData\Local\Microsoft\WindowsApps;;E:\VSCODE\Microsoft VS Code\bin;E:\idea\IntelliJ IDEA 2020.1\bin;;."/>
    <property name="surefire.test.class.path" value="C:\Users\aaron\.ssh\workspace\muke\AutoTest\Chapter12_2\target\test-classes;C:\Users\aaron\.ssh\workspace\muke\AutoTest\Chapter12_2\target\classes;C:\Users\aaron\.m2\repository\org\apache\httpcomponents\httpclient\4.1.2\httpclient-4.1.2.jar;C:\Users\aaron\.m2\repository\org\apache\httpcomponents\httpcore\4.4.9\httpcore-4.4.9.jar;C:\Users\aaron\.m2\repository\commons-codec\commons-codec\1.11\commons-codec-1.11.jar;C:\Users\aaron\.m2\repository\org\json\json\20170516\json-20170516.jar;C:\Users\aaron\.m2\repository\org\mybatis\mybatis\3.4.4\mybatis-3.4.4.jar;C:\Users\aaron\.m2\repository\mysql\mysql-connector-java\5.1.6\mysql-connector-java-5.1.6.jar;C:\Users\aaron\.m2\repository\org\projectlombok\lombok\1.16.14\lombok-1.16.14.jar;C:\Users\aaron\.m2\repository\com\relevantcodes\extentreports\2.41.1\extentreports-2.41.1.jar;C:\Users\aaron\.m2\repository\org\jsoup\jsoup\1.8.3\jsoup-1.8.3.jar;C:\Users\aaron\.m2\repository\org\xerial\sqlite-jdbc\3.21.0.1\sqlite-jdbc-3.21.0.1.jar;C:\Users\aaron\.m2\repository\org\freemarker\freemarker\2.3.27-incubating\freemarker-2.3.27-incubating.jar;C:\Users\aaron\.m2\repository\org\mongodb\mongodb-driver\3.6.3\mongodb-driver-3.6.3.jar;C:\Users\aaron\.m2\repository\org\mongodb\bson\3.6.3\bson-3.6.3.jar;C:\Users\aaron\.m2\repository\org\mongodb\mongodb-driver-core\3.6.3\mongodb-driver-core-3.6.3.jar;C:\Users\aaron\.m2\repository\com\vimalselvam\testng-extentsreport\1.3.1\testng-extentsreport-1.3.1.jar;C:\Users\aaron\.m2\repository\com\google\guava\guava\20.0\guava-20.0.jar;C:\Users\aaron\.m2\repository\com\aventstack\extentreports\3.0.6\extentreports-3.0.6.jar;C:\Users\aaron\.m2\repository\org\apache\httpcomponents\httpmime\4.5.5\httpmime-4.5.5.jar;C:\Users\aaron\.m2\repository\org\testng\testng\6.14.3\testng-6.14.3.jar;C:\Users\aaron\.m2\repository\com\beust\jcommander\1.72\jcommander-1.72.jar;C:\Users\aaron\.m2\repository\org\apache-extras\beanshell\bsh\2.0b6\bsh-2.0b6.jar;C:\Users\aaron\.m2\repository\commons-logging\commons-logging\1.2\commons-logging-1.2.jar;C:\Users\aaron\.m2\repository\log4j\log4j\1.2.17\log4j-1.2.17.jar;C:\Users\aaron\.m2\repository\com\alibaba\fastjson\1.2.38\fastjson-1.2.38.jar;"/>
    <property name="java.specification.name" value="Java Platform API Specification"/>
    <property name="java.class.version" value="52.0"/>
    <property name="sun.management.compiler" value="HotSpot 64-Bit Tiered Compilers"/>
    <property name="os.version" value="10.0"/>
    <property name="user.home" value="C:\Users\aaron"/>
    <property name="user.timezone" value="Asia/Shanghai"/>
    <property name="java.awt.printerjob" value="sun.awt.windows.WPrinterJob"/>
    <property name="java.specification.version" value="1.8"/>
    <property name="file.encoding" value="GBK"/>
    <property name="user.name" value="aaron"/>
    <property name="java.class.path" value="C:\Users\aaron\.ssh\workspace\muke\AutoTest\Chapter12_2\target\test-classes;C:\Users\aaron\.ssh\workspace\muke\AutoTest\Chapter12_2\target\classes;C:\Users\aaron\.m2\repository\org\apache\httpcomponents\httpclient\4.1.2\httpclient-4.1.2.jar;C:\Users\aaron\.m2\repository\org\apache\httpcomponents\httpcore\4.4.9\httpcore-4.4.9.jar;C:\Users\aaron\.m2\repository\commons-codec\commons-codec\1.11\commons-codec-1.11.jar;C:\Users\aaron\.m2\repository\org\json\json\20170516\json-20170516.jar;C:\Users\aaron\.m2\repository\org\mybatis\mybatis\3.4.4\mybatis-3.4.4.jar;C:\Users\aaron\.m2\repository\mysql\mysql-connector-java\5.1.6\mysql-connector-java-5.1.6.jar;C:\Users\aaron\.m2\repository\org\projectlombok\lombok\1.16.14\lombok-1.16.14.jar;C:\Users\aaron\.m2\repository\com\relevantcodes\extentreports\2.41.1\extentreports-2.41.1.jar;C:\Users\aaron\.m2\repository\org\jsoup\jsoup\1.8.3\jsoup-1.8.3.jar;C:\Users\aaron\.m2\repository\org\xerial\sqlite-jdbc\3.21.0.1\sqlite-jdbc-3.21.0.1.jar;C:\Users\aaron\.m2\repository\org\freemarker\freemarker\2.3.27-incubating\freemarker-2.3.27-incubating.jar;C:\Users\aaron\.m2\repository\org\mongodb\mongodb-driver\3.6.3\mongodb-driver-3.6.3.jar;C:\Users\aaron\.m2\repository\org\mongodb\bson\3.6.3\bson-3.6.3.jar;C:\Users\aaron\.m2\repository\org\mongodb\mongodb-driver-core\3.6.3\mongodb-driver-core-3.6.3.jar;C:\Users\aaron\.m2\repository\com\vimalselvam\testng-extentsreport\1.3.1\testng-extentsreport-1.3.1.jar;C:\Users\aaron\.m2\repository\com\google\guava\guava\20.0\guava-20.0.jar;C:\Users\aaron\.m2\repository\com\aventstack\extentreports\3.0.6\extentreports-3.0.6.jar;C:\Users\aaron\.m2\repository\org\apache\httpcomponents\httpmime\4.5.5\httpmime-4.5.5.jar;C:\Users\aaron\.m2\repository\org\testng\testng\6.14.3\testng-6.14.3.jar;C:\Users\aaron\.m2\repository\com\beust\jcommander\1.72\jcommander-1.72.jar;C:\Users\aaron\.m2\repository\org\apache-extras\beanshell\bsh\2.0b6\bsh-2.0b6.jar;C:\Users\aaron\.m2\repository\commons-logging\commons-logging\1.2\commons-logging-1.2.jar;C:\Users\aaron\.m2\repository\log4j\log4j\1.2.17\log4j-1.2.17.jar;C:\Users\aaron\.m2\repository\com\alibaba\fastjson\1.2.38\fastjson-1.2.38.jar;"/>
    <property name="java.vm.specification.version" value="1.8"/>
    <property name="sun.arch.data.model" value="64"/>
    <property name="java.home" value="C:\Program Files\Java\jdk1.8.0_211\jre"/>
    <property name="sun.java.command" value="C:\Users\aaron\.ssh\workspace\muke\AutoTest\Chapter12_2\target\surefire\surefirebooter6488658541483205568.jar C:\Users\aaron\.ssh\workspace\muke\AutoTest\Chapter12_2\target\surefire\surefire5670216753336395662tmp C:\Users\aaron\.ssh\workspace\muke\AutoTest\Chapter12_2\target\surefire\surefire4879332750647133770tmp"/>
    <property name="java.specification.vendor" value="Oracle Corporation"/>
    <property name="user.language" value="zh"/>
    <property name="awt.toolkit" value="sun.awt.windows.WToolkit"/>
    <property name="java.vm.info" value="mixed mode"/>
    <property name="java.version" value="1.8.0_211"/>
    <property name="java.ext.dirs" value="C:\Program Files\Java\jdk1.8.0_211\jre\lib\ext;C:\WINDOWS\Sun\Java\lib\ext"/>
    <property name="sun.boot.class.path" value="C:\Program Files\Java\jdk1.8.0_211\jre\lib\resources.jar;C:\Program Files\Java\jdk1.8.0_211\jre\lib\rt.jar;C:\Program Files\Java\jdk1.8.0_211\jre\lib\sunrsasign.jar;C:\Program Files\Java\jdk1.8.0_211\jre\lib\jsse.jar;C:\Program Files\Java\jdk1.8.0_211\jre\lib\jce.jar;C:\Program Files\Java\jdk1.8.0_211\jre\lib\charsets.jar;C:\Program Files\Java\jdk1.8.0_211\jre\lib\jfr.jar;C:\Program Files\Java\jdk1.8.0_211\jre\classes"/>
    <property name="java.vendor" value="Oracle Corporation"/>
    <property name="localRepository" value="C:\Users\aaron\.m2\repository"/>
    <property name="file.separator" value="\"/>
    <property name="java.vendor.url.bug" value="http://bugreport.sun.com/bugreport/"/>
    <property name="sun.cpu.endian" value="little"/>
    <property name="sun.io.unicode.encoding" value="UnicodeLittle"/>
    <property name="sun.desktop" value="windows"/>
    <property name="sun.cpu.isalist" value="amd64"/>
  </properties>
  <testcase classname="com.course.cases.LoginTest" name="loginTrue" time="1.575"/>
  <testcase classname="com.course.cases.LoginTest" name="loginFalse" time="0.017"/>
  <testcase classname="com.course.cases.AddUserTest" name="addUser" time="4.041">
    <failure message="Expected one result (or null) to be returned by selectOne(), but found: 3" type="org.apache.ibatis.exceptions.TooManyResultsException">org.apache.ibatis.exceptions.TooManyResultsException: Expected one result (or null) to be returned by selectOne(), but found: 3
	at org.apache.ibatis.session.defaults.DefaultSqlSession.selectOne(DefaultSqlSession.java:81)
	at com.course.cases.AddUserTest.addUser(AddUserTest.java:42)
</failure>
    <system-out>- DEBUG ==&gt;  Preparing: select * from addUserCase where id=? 
- DEBUG ==&gt; Parameters: 1(Integer)
- DEBUG &lt;==      Total: 1
AddUserCase(id=1, userName=zhao9, password=zhaozhao, sex=0, age=35, permission=1, isDelete=0, expected=true)
http://localhost:8888/v1/addUser
1
- DEBUG ==&gt;  Preparing: select * from user where userName=? and password=? and sex=? and age=? and permission=? and isDelete=? 
- DEBUG ==&gt; Parameters: zhao9(String), zhaozhao(String), 0(Integer), 35(Integer), 1(Integer), 0(Integer)
- DEBUG &lt;==      Total: 3
</system-out>
  </testcase>
  <testcase classname="com.course.cases.GetUserInfoTest" name="getUserInfo" time="4.123"/>
  <testcase classname="com.course.cases.UpdateUserInfoTest" name="updateUserInfo" time="3.031"/>
  <testcase classname="com.course.cases.UpdateUserInfoTest" name="deleteUser" time="3.009"/>
  <testcase classname="com.course.cases.GetUserInfoListTest" name="getUserListInfo" time="2.015"/>
</testsuite>