<?xml version="1.0" encoding="UTF-8"?>
<!-- Generated by org.testng.reporters.JUnitReportReporter -->
<testsuite skipped="0" hostname="DESKTOP-L7F4APK" name="com.course.cases.GetUserInfoTest" tests="1" failures="0" timestamp="05 Dec 2020 10:22:16 GMT" time="4.122" errors="0">
  <testcase name="getUserInfo" time="4.122" classname="com.course.cases.GetUserInfoTest"/>
</testsuite> <!-- com.course.cases.GetUserInfoTest -->
