<?xml version="1.0" encoding="UTF-8"?>
<!-- Generated by org.testng.reporters.JUnitReportReporter -->
<testsuite skipped="0" hostname="DESKTOP-L7F4APK" name="com.course.cases.LoginTest" tests="2" failures="0" timestamp="05 Dec 2020 10:22:16 GMT" time="1.592" errors="0">
  <testcase name="loginFalse" time="0.017" classname="com.course.cases.LoginTest"/>
  <testcase name="loginTrue" time="1.575" classname="com.course.cases.LoginTest"/>
</testsuite> <!-- com.course.cases.LoginTest -->
