<?xml version="1.0" encoding="UTF-8"?>
<!-- Generated by org.testng.reporters.JUnitReportReporter -->
<testsuite skipped="0" hostname="DESKTOP-L7F4APK" name="com.course.cases.UpdateUserInfoTest" tests="2" failures="0" timestamp="05 Dec 2020 10:22:16 GMT" time="6.040" errors="0">
  <testcase name="deleteUser" time="3.009" classname="com.course.cases.UpdateUserInfoTest"/>
  <testcase name="updateUserInfo" time="3.031" classname="com.course.cases.UpdateUserInfoTest"/>
</testsuite> <!-- com.course.cases.UpdateUserInfoTest -->
