<?xml version="1.0" encoding="UTF-8"?>
<!-- Generated by org.testng.reporters.JUnitReportReporter -->
<testsuite skipped="0" hostname="DESKTOP-L7F4APK" name="com.course.cases.GetUserInfoListTest" tests="1" failures="0" timestamp="05 Dec 2020 10:22:16 GMT" time="2.015" errors="0">
  <testcase name="getUserListInfo" time="2.015" classname="com.course.cases.GetUserInfoListTest"/>
</testsuite> <!-- com.course.cases.GetUserInfoListTest -->
